[2026-06-01 15:55:00] [INFO] Inicializando a execução da refatoração da tela administrativa de Entidades Escolares.
[2026-06-01 15:56:15] [INFO] Executando o Protocolo de Reconhecimento. Consulta aos índices mestre e aos documentos de referência: `indice.txt`, `_docs/0200_Indice_Telas.md` e `_docs/0210_GestaoEscolas.md`.
[2026-06-01 15:58:30] [INFO] Analisando estrutura da tabela de `alunos` no banco de dados e as migrações em `supabase/migrations/20260530180000_gestao_escolas.sql` para garantir a integridade dos relacionamentos e tipos (`status_carteirinha`).
[2026-06-01 16:01:10] [INFO] Atualizando a função `loadEscolas()` no arquivo `app/dashboard/admin/escolas/page.tsx` para carregar a lista de alunos com status 'Em análise' de forma integrada à consulta de escolas, configurando fallback elegante de dados fictícios.
[2026-06-01 16:04:45] [INFO] Substituindo a estrutura de tabela em JSX no arquivo `app/dashboard/admin/escolas/page.tsx` por um Grid de Cards modernos e interativos.
[2026-06-01 16:07:20] [INFO] Implementando a badge vermelha animada no canto superior direito de cada card de escola, informando o total de alunos com pendências de documentos.
[2026-06-01 16:09:50] [INFO] Adicionando redirecionamento de cliques do card para a listagem interna de alunos em `/dashboard/admin/alunos?escola=NomeDaEscola` e prevenindo comportamento indesejado de clique duplo em botões de ação usando `e.stopPropagation()`.
[2026-06-01 16:12:15] [INFO] Integrando o filtro automático de escola por meio de leitura da query string `window.location.search` na montagem (`useEffect`) da página de Gestão de Alunos (`app/dashboard/admin/alunos/page.tsx`).
[2026-06-01 16:14:40] [INFO] Atualizando com sucesso o "Bloquinho" de documentação da rota (`_docs/0210_GestaoEscolas.md`) com o detalhamento das alterações no contrato e histórico de atualizações.
[2026-06-01 16:18:20] [INFO] Criando o componente de visualização interna de escolas em `app/dashboard/admin/escolas/detalhes/page.tsx` com suporte a Abas (Tabs) interativas para estudantes Pendentes, Aprovados e Rejeitados.
[2026-06-01 16:21:05] [INFO] Implementando as ações de auditoria de documentos (Visualizador de anexos do bucket/picsum, Aprovação com designação de Rota ativa e Rejeição para status Pendente) integradas à tabela de alunos em cada aba da tela interna da escola.
[2026-06-01 16:23:45] [INFO] Ajustando o evento `onClick` do card de escola na listagem de entidades escolares para redirecionar para a nova tela de auditoria interna da escola.
[2026-06-01 16:28:10] [INFO] Adicionando estado de controle `fluxoContinuo` e botão "Aprovar e Próximo" (com ícone Sparkles e estilo Arapongas) no rodapé do modal de auditoria de comprovantes em `app/dashboard/admin/escolas/detalhes/page.tsx`.
[2026-06-01 16:31:35] [INFO] Desenvolvendo a lógica de fila contínua no método `handleConfirmAprovar()` para detectar de forma síncrona o próximo estudante com status 'Em análise' pertencente àquela mesma escola, transicionando o visualizador de anexos de forma automática ou emitindo alerta de encerramento da fila e fechando o modal.
[2026-06-01 16:34:20] [INFO] Corrigindo e blindando a tipagem estrita de TypeScript para os estados de alteração dinâmica de status de carteirinha de alunos (`as const`).
[2026-06-01 16:36:00] [INFO] Compilação final de produção (`npm run build`) executada com sucesso absoluto. Toda a navegação interna, auditoria por escola e fluxo contínuo "Aprovar e Próximo" estão integrados e operacionais.
[2026-06-01 19:15:56] [INFO] Iniciando deploy do projeto atualizado com lógicas condicionais de abas e governança na Vercel.
[2026-06-01 19:16:39] [INFO] Deploy concluído com sucesso e associado ao alias de Arapongas: https://rota-escola-arapongas.vercel.app
[2026-06-01 19:35:00] [INFO] Iniciando análise de erro 400 Bad Request reportado no console.
[2026-06-01 19:36:10] [INFO] Identificado problema de sintaxe na tabela `rotas` (colunas 'nome_rota', 'turno', 'ativa' inexistentes) e no cast automático de UUID de escolas com IDs fictícios de mock ('escola-mock-2').
[2026-06-01 19:37:05] [INFO] Refatorado e corrigido o arquivo `app/dashboard/admin/escolas/detalhes/page.tsx` para adequação da query de rotas e blindagem regex contra UUIDs inválidos na seleção de escolas e alunos.
[2026-06-01 19:37:12] [INFO] Replicada a mesma correção da query de rotas no arquivo de auditoria cadastral `app/dashboard/admin/documentos/page.tsx`.
