2026-06-25 11:00:05 INFO Recebida solicitacao para remover referencias de funcionamento offline da landing page (app/page.tsx).
2026-06-25 11:00:20 INFO Executado protocolo de reconhecimento. Leitura dos arquivos de documentacao concluida: _docs/0200_Indice_Telas.md, _docs/0201_Home.md e indice.txt.
2026-06-25 11:01:10 INFO Modificando app/page.tsx:
  - Substituido icone WifiOff por CalendarX.
  - Substituida a estatistica 'Offline' em STATS por 'Ausências / Aviso prévio de faltas'.
  - Substituido item offline em PILARES -> motoristas por 'Sincronização instantânea de presenças'.
  - Substituido card de recurso 'Modo Offline' por 'Controle de Ausências' detalhando a funcionalidade dos pais de notificar faltas.
  - Substituida a floating badge 'Funciona Offline' por 'Aviso de Ausência'.
2026-06-25 11:01:25 INFO Atualizando a documentacao correspondente em _docs/0201_Home.md para refletir as mudancas no layout e nos conteudos.
2026-06-25 11:01:40 INFO Alteracoes de copy e estrutura de UI concluidas com sucesso.
2026-06-25 11:38:00 INFO Criado arquivo de migração SQL supabase/migrations/20260625130000_add_notificado_expiracao.sql para adicionar a coluna notificado_expiracao na tabela carteirinhas.
2026-06-25 11:40:00 INFO Implementada a aba "Expirados" nos Detalhes da Escola do painel administrativo (app/dashboard/admin/escolas/detalhes/page.tsx) com cálculo de badges.
2026-06-25 11:45:00 INFO Adicionados botões provisórios de teste "Expirar (Teste)" e "Reativar (Teste)" na tabela de alunos nos Detalhes da Escola para forçar alteração de data_vencimento no Supabase.
2026-06-25 11:50:00 INFO Implementada a ação "Notificar Responsável" no painel gerencial, persistindo notificado_expiracao = true na tabela carteirinhas.
2026-06-25 11:55:00 INFO Atualizada a consulta Supabase no Dashboard do Responsável (app/responsavel/dashboard/page.tsx) para realizar JOIN com carteirinhas e obter data_vencimento e notificado_expiracao.
2026-06-25 12:00:00 INFO Implementada a estilização vermelha nos cards de alunos expirados no dashboard familiar.
2026-06-25 12:05:00 INFO Configurada a substituição dinâmica do histórico de embarques por um aviso de carteirinha expirada ("A carteirinha do seu filho expirou, faça o cadastro novamente") caso a secretaria tenha disparado a notificação.
2026-06-25 12:10:00 INFO Atualizado o mock de dados local FILHOS_MOCK para conter o estudante "carlos" no estado de carteirinha expirada e notificada, permitindo testes e demonstrações instantâneas.
2026-06-25 12:15:00 INFO Sincronizado e atualizado o histórico de alterações nas documentações _docs/0205_AdminDashboard.md e _docs/0206_ResponsavelDashboard.md.
2026-06-25 12:45:00 INFO Recebida solicitacao para substituir todos os botoes de acao familiar do estudante por um unico botao "Realizar Re-cadastro" quando a carteirinha dele estiver expirada.
2026-06-25 12:50:00 INFO Implementada a substituicao visual condicional no card de aluno do dashboard do responsavel (app/responsavel/dashboard/page.tsx).
2026-06-25 12:55:00 INFO Criado o componente de modal RecadastroModal (fluxo hibrido):
  - Etapa 1: Confirmar e editar dados cadastrais pre-preenchidos do estudante (Nome, Nascimento, Escola, Serie, Turma, Turno, Endereco).
  - Etapa 2: Atualizar ou alterar os 4 tipos de documentos obrigatorios (comprovante de residencia, documento do aluno, documento do responsavel e comprovante de matricula).
  - Preservacao automatica de documentos ja enviados anteriormente para evitar re-uploads redundantes desnecessarios, permitindo que o pai envie apenas os novos/atualizados.
2026-06-25 13:00:00 INFO Implementada a acao de salvamento do re-cadastro:
  - Atualiza a tabela public.alunos com os dados e reseta status para 'aguardando' (fila da SEMED), status_carteirinha para 'Pendente', rota_id para null (re-alocacao) e limpa observacao_secretaria.
  - Implementada a resiliencia de endereco (retry automatico caso a coluna endereco nao exista no banco de dados).
  - Reseta o status de expiracao na tabela public.carteirinhas (notificado_expiracao = false e data_vencimento = null) para remover o estudante do estado de bloqueio e aviso.
  - Salva e vincula novos documentos no Supabase Storage (bucket documentos-transporte) e na tabela documentos_aluno.
2026-06-25 13:05:00 INFO Atualizada a documentacao tecnica _docs/0206_ResponsavelDashboard.md com os novos detalhes de arquitetura do fluxo de re-cadastro.
2026-06-25 13:10:00 INFO Recebida solicitacao para adicionar um calendario ficticio (simulador temporal) para avancar no tempo e testar a expiracao automatica.
2026-06-25 13:15:00 INFO Implementado helper getSimulatedDate() e atualizada a logica de isExpired e CarteirinhaModal em app/responsavel/dashboard/page.tsx para respeitar a data simulada.
2026-06-25 13:20:00 INFO Criado o componente flutuante CalendarioFicticioWidget no canto inferior direito do painel do responsavel:
  - Botoes rapidos para avancar +30 Dias ou +1 Ano de forma instantanea.
  - Datepicker customizado para selecionar qualquer dia específico.
  - Persistencia do estado no localStorage ('simulated_date') e recarregamento automatico da pagina.
  - Botao 'Resetar' para voltar a usar a data real do sistema.
2026-06-25 13:25:00 INFO Alteracoes de simulacao temporal concluidas com sucesso.
