2026-06-17 16:00:00 [INFO] Iniciada a análise da falha nos relatórios do dashboard administrativo.
2026-06-17 16:02:00 [INFO] Documentos consultados: indice.txt, _docs/0200_Indice_Telas.md, _docs/0205_AdminDashboard.md, _docs/0104_Status_Sistema_Arapongas.md.
2026-06-17 16:05:00 [INFO] Criando plano de implementação para corrigir o dashboard e as políticas RLS.
2026-06-17 16:20:00 [INFO] Modificado app/dashboard/admin/alunos/page.tsx: corrigido o fuso horário local e adicionado o filtro por status = 'PRESENTE' no local fallback.
2026-06-17 16:22:00 [INFO] Criado arquivo de migração supabase/migrations/20260617190000_fix_logs_embarque_rls_and_rpc.sql para ajustar as políticas RLS e recriar a RPC get_dashboard_metrics.
2026-06-17 16:24:00 [INFO] Executado build de validação com sucesso (npm run build).
2026-06-17 16:25:00 [INFO] Criado walkthrough.md e atualizado task.md.
2026-06-17 17:09:00 [INFO] Adicionadas as classes utilitárias @layer utilities (shimmer, active-press, glass, etc.) no app/globals.css
2026-06-17 17:12:00 [INFO] Criado o componente components/SkeletonLoader.tsx para carregamento de layouts premium.
2026-06-17 17:15:00 [INFO] Modificado app/dashboard/admin/alunos/page.tsx: integrados skeletons, active-press e micro-animações de hover nos cards de KPIs.
2026-06-17 17:22:00 [INFO] Modificado app/dashboard/motorista/page.tsx: adicionados efeitos laser sweep de scanner real glow radial e transições active-press em botões, além de cascateamento na lista de passageiros.
2026-06-17 17:23:00 [INFO] Iniciado build de validação geral com 'npm run build'.
2026-06-17 17:25:00 [INFO] Build finalizado com sucesso. Nenhuma quebra de tipagem ou de build detectada.
2026-06-17 17:27:00 [INFO] Sincronizada a documentação de design e atualizado task.md e walkthrough.md. Todas as etapas concluídas com sucesso.
2026-06-17 17:30:00 [INFO] Modificada a RPC get_dashboard_metrics() para unificar as faltas e ausências das tabelas presencas_diarias e logs_embarque.
2026-06-17 17:33:00 [INFO] Modificado app/dashboard/admin/alunos/page.tsx: ajustada a agregação de faltas local e corrigido o typo slate-55 para slate-50 com efeitos táteis.
2026-06-17 17:35:00 [INFO] Modificado app/responsavel/rastreio/[rota_id]/page.tsx: corrigido o ID de aluno que estava hardcoded 'aluno-01' para buscar via query parameter alunoId.
2026-06-17 17:40:00 [INFO] Modificado app/dashboard/admin/layout.tsx: corrigidos os hooks de useState que eram usados incorretamente para chamadas assíncronas durante o SSR. Substituídos por useEffect para eliminar erros de Hydration mismatch.
2026-06-17 17:41:00 [INFO] Criado o plano de implementação para correção das fotos e reestruturação da tela de documentos.
2026-06-17 17:48:00 [INFO] Modificado app/dashboard/admin/page.tsx: adicionada recuperação de foto_url e renderização de fotos de alunos na listagem de Últimas Solicitações.
2026-06-17 17:49:00 [INFO] Modificado app/dashboard/admin/documentos/page.tsx: reestruturada a fila de auditoria cadastral para exibir lista linear/grid de cards com abas, busca direta, seletor de escolas, contadores e fotos reais de alunos.
2026-06-17 17:50:00 [INFO] Executado build geral do Next.js (npm run build) com sucesso total (0 erros).
2026-06-17 17:51:00 [INFO] Atualizada documentação em _docs/0205_AdminDashboard.md.


