[2026-05-28 19:15:00] INFO: Iniciando processamento do Prompt: Sistema de Faltas e Histórico com Data.
[2026-05-28 19:17:00] INFO: Validando tabelas no banco de dados Supabase. Colunas status e data_registro adicionadas à tabela logs_embarque.
[2026-05-28 19:18:00] INFO: Atualizando Painel do Motorista. Adicionado ciclo de status: Pendente (Neutro), Presente (Verde), Faltou (Vermelho).
[2026-05-28 19:18:30] INFO: Atualizando Portal dos Pais. Criado o componente de histórico retroativo buscando dados de logs_embarque.
[2026-05-28 19:19:00] INFO: Atualizando Painel do Administrador (SEMED). Adicionado tabela de auditoria operacional de logs_embarque.
[2026-05-28 19:19:15] INFO: Executando build de verificação. Build concluído com sucesso (15/15 páginas).
[2026-05-28 19:26:00] INFO: Processando novos requisitos para controle de faltas e usabilidade no motorista.
[2026-05-28 19:26:30] INFO: Executando ALTER TABLE para adicionar coluna turno na tabela logs_embarque do banco remoto.
[2026-05-28 19:27:00] INFO: Implementando transição de sucesso no botão, reset automático de 3s e captura de turno (Matutino/Vespertino/Noturno) no motorista.
[2026-05-28 19:27:40] INFO: Atualizando histórico nos painéis dos pais e do administrador para exibir a data e turno.
[2026-05-28 19:28:00] INFO: Executando build de verificação. Compilação concluída com sucesso (15/15 páginas).
[2026-05-28 19:33:00] INFO: Processando ativacão do escâner real de QR Code. Instalando html5-qrcode.
[2026-05-28 19:33:40] INFO: Substituindo simulação estática por leitor funcional de câmera com priorização de câmera traseira.
[2026-05-28 19:33:45] INFO: Adicionando feedbacks sonoros (Web Audio API beeps), Text-to-Speech vocal e vibração de 100ms.
[2026-05-28 19:34:00] INFO: Removendo botões de simulação e ajustando liberação de câmera (unmount).
[2026-05-28 19:34:01] INFO: Executando build de verificação. Compilação concluída com sucesso.
[2026-05-28 19:39:40] INFO: Processando ajuste de alinhamento e proporção do vídeo do scanner.
[2026-05-28 19:39:45] INFO: Injetando estilos para centralizar e expandir feed do vídeo da câmera para 100% object-fit cover.
[2026-05-28 19:40:00] INFO: Executando build de verificação e commits git push.
[2026-05-28 16:50:00] INFO: Atualizando e consolidando a analise_completa_projeto.md com todos os dados do projeto para transferência de contexto.
[2026-05-28 16:52:00] INFO: Atualizando relatorio de auditoria com foco no estado atual do app e nas ultimas alteracoes executadas.
[2026-05-28 16:59:00] INFO: Iniciando execucao do plano de cadastro seguro com API Route Handler e triggers de banco.
[2026-05-28 17:01:00] INFO: Execucao concluida com sucesso. Build do Next.js verificado e 100% compativel.
[2026-05-28 17:08:00] INFO: Corrigindo tratamento de CPF no login e erros de hidratacao do React.
[2026-05-28 17:14:00] INFO: Removendo campo de e-mail do cadastro, unificando fluxo com e-mail derivado de CPF e tratando hidratacao no cadastro.
