2026-06-15 13:52:00 [INFO] Inicializando a análise para desenvolvimento da área de Rastreamento GPS e Notificação de Ausência.
2026-06-15 13:52:10 [INFO] Leitura do indice.txt concluída.
2026-06-15 13:52:45 [INFO] Leitura de _docs/0200_Indice_Telas.md e _docs/0208_PortalPais.md concluída.
2026-06-15 13:53:15 [INFO] Leitura de app/responsavel/dashboard/page.tsx concluída. Identificado o sub-componente RastreioModal que implementa a interface exibida na imagem.
2026-06-15 13:53:30 [INFO] Leitura de app/dashboard/motorista/page.tsx concluída. Analisada a forma de gravação das coordenadas GPS em localizacao_veiculo.
2026-06-15 13:53:45 [INFO] Identificadas inconsistências menores de IDs entre motorista (codigo da rota) e pai (nome da rota), prontas para serem corrigidas e integradas de forma dinâmica.
2026-06-15 13:57:00 [INFO] Plano de Implementação aprovado pelo usuário.
2026-06-15 13:57:05 [INFO] Inicializado o arquivo task.md para acompanhamento dos afazeres.
2026-06-15 13:57:30 [INFO] Criada e salva a migração SQL 20260615140000_ajuste_gps_e_telefone_motorista.sql.
2026-06-15 13:58:00 [INFO] Atualizado o painel do motorista (page.tsx) para carregar faltas reais e salvar localização usando UUID da rota.
2026-06-15 13:59:00 [INFO] Atualizado o painel do responsável (page.tsx) com o modal de rastreamento dinâmico (projeção GPS, timeline e WhatsApp).
2026-06-15 13:59:15 [INFO] Validação de tipos executada (npx tsc --noEmit) com sucesso total.
2026-06-15 13:59:20 [INFO] Arquivo walkthrough.md gerado e checklist de tarefas concluído.
2026-06-15 14:03:00 [INFO] Modificações adicionadas à área de staging (git add .).
2026-06-15 14:03:05 [INFO] Commit efetuado com a mensagem: "feat(gps): rastreamento GPS e controle de ausencias dinamicos e interativos".
2026-06-15 14:03:10 [INFO] Alterações enviadas com sucesso ao repositório remoto (git push).
2026-06-15 14:09:00 [INFO] Adicionado canal do Supabase Realtime escutando a tabela presencas_diarias no painel do motorista.
2026-06-15 14:09:10 [INFO] Adicionado alerta visual em tempo real no dashboard do motorista para notificar ausência de aluno na rota ativa.
2026-06-15 14:09:15 [INFO] Validação de compilação pós-realtime (npx tsc --noEmit) concluída com sucesso.
2026-06-15 14:09:40 [INFO] Commitado e empurrado alterações para o branch main.
2026-06-15 14:15:30 [INFO] Detectada inconsistência de timezone (shifting pós-21h) entre consultas do painel do motorista e portal dos pais/rastreio.
2026-06-15 14:16:00 [INFO] Criada e integrada a função utilitária `getLocalDateString()` em app/dashboard/motorista/page.tsx, app/responsavel/dashboard/page.tsx e app/responsavel/rastreio/[rota_id]/page.tsx.
2026-06-15 14:16:15 [INFO] Substituídas todas as chamadas ISOString por getLocalDateString() para unificação em tempo local.
2026-06-15 14:16:30 [INFO] Verificada e confirmada a compilação do TypeScript sem erros (npx tsc --noEmit).
2026-06-15 14:16:45 [INFO] Atualizada a documentação técnica dos componentes em _docs/0207_PainelMotorista.md e _docs/0206_ResponsavelDashboard.md.
2026-06-15 14:48:30 [INFO] Criado o estado `selectedSentido` no painel do motorista (page.tsx) com sincronização inteligente baseada no turno ativo.
2026-06-15 14:49:00 [INFO] Criado e estilizado o seletor premium de sentido da viagem (Ida/Volta) no painel do motorista.
2026-06-15 14:49:20 [INFO] Integrado o sentido selecionado (`selectedSentido`) no payload do lote de embarque enviado à tabela `logs_embarque`.
2026-06-15 14:49:40 [INFO] Validada a compilação do TypeScript com sucesso.
2026-06-15 14:50:00 [INFO] Atualizado o arquivo de documentação técnica do Painel do Motorista (_docs/0207_PainelMotorista.md).
2026-06-15 16:13:00 [INFO] Criada e testada a exportação visual de carteirinha via HTML5 Canvas em app/responsavel/dashboard/page.tsx e app/responsavel/carteirinha/[id]/page.tsx.
2026-06-15 16:13:30 [INFO] Corrigida colisão de nomes do construtor de imagem (`window.Image` em vez de `Image` do Lucide).
2026-06-15 16:14:00 [INFO] Adicionado o estado `isDownloading` para melhor feedback visual premium do botão de download (Salvando...).
2026-06-15 16:14:30 [INFO] Validada a compilação do TypeScript e staging/commit efetuados.
